C51 COMPILER V9.59.0.0   APP                                                               07/01/2024 10:56:21 PAGE 1   


C51 COMPILER V9.59.0.0, COMPILATION OF MODULE APP
OBJECT MODULE PLACED IN .\Objects\app.obj
COMPILER INVOKED BY: D:\DevKit\keil\C51\BIN\C51.EXE src\app.c OPTIMIZE(8,SPEED) BROWSE DEBUG OBJECTEXTEND PRINT(.\Listin
                    -gs\app.lst) TABS(2) OBJECT(.\Objects\app.obj)

line level    source

   1          #include <REG52.H>
   2          
   3          void main(){
   4   1          while(1){
   5   2              
   6   2          }
   7   1      }


MODULE INFORMATION:   STATIC OVERLAYABLE
   CODE SIZE        =      2    ----
   CONSTANT SIZE    =   ----    ----
   XDATA SIZE       =   ----    ----
   PDATA SIZE       =   ----    ----
   DATA SIZE        =   ----    ----
   IDATA SIZE       =   ----    ----
   BIT SIZE         =   ----    ----
END OF MODULE INFORMATION.


C51 COMPILATION COMPLETE.  0 WARNING(S),  0 ERROR(S)
